<?xml version="1.0" encoding="UTF-8"?>
<testng-results ignored="0" total="2" passed="2" failed="0" skipped="0">
  <reporter-output>
  </reporter-output>
  <suite started-at="2020-11-29T12:08:31 IST" name="Default suite" finished-at="2020-11-29T12:08:32 IST" duration-ms="679">
    <groups>
    </groups>
    <test started-at="2020-11-29T12:08:31 IST" name="Default test" finished-at="2020-11-29T12:08:32 IST" duration-ms="679">
      <class name="utils.ExcelUtils1DataProvider">
        <test-method signature="test1(java.lang.String, java.lang.String)[pri:0, instance:utils.ExcelUtils1DataProvider@35867aff]" started-at="2020-11-29T12:08:32 IST" name="test1" data-provider="test1data" finished-at="2020-11-29T12:08:32 IST" duration-ms="16" status="PASS">
          <params>
            <param index="0">
              <value>
                <![CDATA[Admin]]>
              </value>
            </param>
            <param index="1">
              <value>
                <![CDATA[Admin123]]>
              </value>
            </param>
          </params>
          <reporter-output>
          </reporter-output>
        </test-method> <!-- test1 -->
        <test-method signature="test1(java.lang.String, java.lang.String)[pri:0, instance:utils.ExcelUtils1DataProvider@35867aff]" started-at="2020-11-29T12:08:32 IST" name="test1" data-provider="test1data" finished-at="2020-11-29T12:08:32 IST" duration-ms="0" status="PASS">
          <params>
            <param index="0">
              <value>
                <![CDATA[Admin2]]>
              </value>
            </param>
            <param index="1">
              <value>
                <![CDATA[Admin1234]]>
              </value>
            </param>
          </params>
          <reporter-output>
          </reporter-output>
        </test-method> <!-- test1 -->
      </class> <!-- utils.ExcelUtils1DataProvider -->
    </test> <!-- Default test -->
  </suite> <!-- Default suite -->
</testng-results>
